<?xml version="1.0" encoding="UTF-8"?>
<testng-results skipped="20" failed="0" total="20" passed="0">
  <reporter-output>
  </reporter-output>
  <suite name="Command line suite" duration-ms="7091" started-at="2015-11-19T10:12:35Z" finished-at="2015-11-19T10:12:42Z">
    <groups>
    </groups>
    <test name="Command line test" duration-ms="7091" started-at="2015-11-19T10:12:35Z" finished-at="2015-11-19T10:12:42Z">
      <class name="cz.muni.fi.pa165_pneuservis.dao.TireDaoImplTest">
        <test-method status="SKIP" signature="springTestContextBeforeTestClass()[pri:0, instance:cz.muni.fi.pa165_pneuservis.dao.TireDaoImplTest@37d31475]" name="springTestContextBeforeTestClass" is-config="true" duration-ms="0" started-at="2015-11-19T11:12:42Z" finished-at="2015-11-19T11:12:42Z">
          <reporter-output>
          </reporter-output>
        </test-method> <!-- springTestContextBeforeTestClass -->
        <test-method status="SKIP" signature="springTestContextPrepareTestInstance()[pri:0, instance:cz.muni.fi.pa165_pneuservis.dao.TireDaoImplTest@37d31475]" name="springTestContextPrepareTestInstance" is-config="true" duration-ms="0" started-at="2015-11-19T11:12:42Z" depends-on-methods="org.springframework.test.context.testng.AbstractTestNGSpringContextTests.springTestContextBeforeTestClass" finished-at="2015-11-19T11:12:42Z">
          <reporter-output>
          </reporter-output>
        </test-method> <!-- springTestContextPrepareTestInstance -->
        <test-method status="SKIP" signature="springTestContextBeforeTestMethod(java.lang.reflect.Method)[pri:0, instance:cz.muni.fi.pa165_pneuservis.dao.TireDaoImplTest@37d31475]" name="springTestContextBeforeTestMethod" is-config="true" duration-ms="0" started-at="2015-11-19T11:12:42Z" finished-at="2015-11-19T11:12:42Z">
          <reporter-output>
          </reporter-output>
        </test-method> <!-- springTestContextBeforeTestMethod -->
        <test-method status="SKIP" signature="testCreateTire()[pri:0, instance:cz.muni.fi.pa165_pneuservis.dao.TireDaoImplTest@37d31475]" name="testCreateTire" duration-ms="0" started-at="2015-11-19T11:12:42Z" finished-at="2015-11-19T11:12:42Z">
          <reporter-output>
          </reporter-output>
        </test-method> <!-- testCreateTire -->
        <test-method status="PASS" signature="springTestContextAfterTestMethod(java.lang.reflect.Method)[pri:0, instance:cz.muni.fi.pa165_pneuservis.dao.TireDaoImplTest@37d31475]" name="springTestContextAfterTestMethod" is-config="true" duration-ms="1" started-at="2015-11-19T11:12:42Z" finished-at="2015-11-19T11:12:42Z">
          <params>
            <param index="0">
              <value>
                <![CDATA[public void cz.muni.fi.pa165_pneuservis.dao.TireDaoImplTest.testCreateTire()]]>
              </value>
            </param>
          </params>
          <reporter-output>
          </reporter-output>
        </test-method> <!-- springTestContextAfterTestMethod -->
        <test-method status="SKIP" signature="springTestContextBeforeTestMethod(java.lang.reflect.Method)[pri:0, instance:cz.muni.fi.pa165_pneuservis.dao.TireDaoImplTest@37d31475]" name="springTestContextBeforeTestMethod" is-config="true" duration-ms="0" started-at="2015-11-19T11:12:42Z" finished-at="2015-11-19T11:12:42Z">
          <reporter-output>
          </reporter-output>
        </test-method> <!-- springTestContextBeforeTestMethod -->
        <test-method status="PASS" signature="springTestContextAfterTestMethod(java.lang.reflect.Method)[pri:0, instance:cz.muni.fi.pa165_pneuservis.dao.TireDaoImplTest@37d31475]" name="springTestContextAfterTestMethod" is-config="true" duration-ms="2" started-at="2015-11-19T11:12:42Z" finished-at="2015-11-19T11:12:42Z">
          <params>
            <param index="0">
              <value>
                <![CDATA[public void cz.muni.fi.pa165_pneuservis.dao.TireDaoImplTest.testFindAllTires()]]>
              </value>
            </param>
          </params>
          <reporter-output>
          </reporter-output>
        </test-method> <!-- springTestContextAfterTestMethod -->
        <test-method status="SKIP" signature="testFindAllTires()[pri:0, instance:cz.muni.fi.pa165_pneuservis.dao.TireDaoImplTest@37d31475]" name="testFindAllTires" duration-ms="0" started-at="2015-11-19T11:12:42Z" finished-at="2015-11-19T11:12:42Z">
          <reporter-output>
          </reporter-output>
        </test-method> <!-- testFindAllTires -->
        <test-method status="SKIP" signature="testGetTireById()[pri:0, instance:cz.muni.fi.pa165_pneuservis.dao.TireDaoImplTest@37d31475]" name="testGetTireById" duration-ms="0" started-at="2015-11-19T11:12:42Z" finished-at="2015-11-19T11:12:42Z">
          <reporter-output>
          </reporter-output>
        </test-method> <!-- testGetTireById -->
        <test-method status="SKIP" signature="springTestContextBeforeTestMethod(java.lang.reflect.Method)[pri:0, instance:cz.muni.fi.pa165_pneuservis.dao.TireDaoImplTest@37d31475]" name="springTestContextBeforeTestMethod" is-config="true" duration-ms="0" started-at="2015-11-19T11:12:42Z" finished-at="2015-11-19T11:12:42Z">
          <reporter-output>
          </reporter-output>
        </test-method> <!-- springTestContextBeforeTestMethod -->
        <test-method status="PASS" signature="springTestContextAfterTestMethod(java.lang.reflect.Method)[pri:0, instance:cz.muni.fi.pa165_pneuservis.dao.TireDaoImplTest@37d31475]" name="springTestContextAfterTestMethod" is-config="true" duration-ms="5" started-at="2015-11-19T11:12:42Z" finished-at="2015-11-19T11:12:42Z">
          <params>
            <param index="0">
              <value>
                <![CDATA[public void cz.muni.fi.pa165_pneuservis.dao.TireDaoImplTest.testGetTireById()]]>
              </value>
            </param>
          </params>
          <reporter-output>
          </reporter-output>
        </test-method> <!-- springTestContextAfterTestMethod -->
        <test-method status="SKIP" signature="springTestContextBeforeTestMethod(java.lang.reflect.Method)[pri:0, instance:cz.muni.fi.pa165_pneuservis.dao.TireDaoImplTest@37d31475]" name="springTestContextBeforeTestMethod" is-config="true" duration-ms="0" started-at="2015-11-19T11:12:42Z" finished-at="2015-11-19T11:12:42Z">
          <reporter-output>
          </reporter-output>
        </test-method> <!-- springTestContextBeforeTestMethod -->
        <test-method status="SKIP" signature="testGetTireIdInvalid()[pri:0, instance:cz.muni.fi.pa165_pneuservis.dao.TireDaoImplTest@37d31475]" name="testGetTireIdInvalid" duration-ms="1" started-at="2015-11-19T11:12:42Z" finished-at="2015-11-19T11:12:42Z">
          <reporter-output>
          </reporter-output>
        </test-method> <!-- testGetTireIdInvalid -->
        <test-method status="PASS" signature="springTestContextAfterTestMethod(java.lang.reflect.Method)[pri:0, instance:cz.muni.fi.pa165_pneuservis.dao.TireDaoImplTest@37d31475]" name="springTestContextAfterTestMethod" is-config="true" duration-ms="1" started-at="2015-11-19T11:12:42Z" finished-at="2015-11-19T11:12:42Z">
          <params>
            <param index="0">
              <value>
                <![CDATA[public void cz.muni.fi.pa165_pneuservis.dao.TireDaoImplTest.testGetTireIdInvalid()]]>
              </value>
            </param>
          </params>
          <reporter-output>
          </reporter-output>
        </test-method> <!-- springTestContextAfterTestMethod -->
        <test-method status="SKIP" signature="testRemoveTire()[pri:0, instance:cz.muni.fi.pa165_pneuservis.dao.TireDaoImplTest@37d31475]" name="testRemoveTire" duration-ms="1" started-at="2015-11-19T11:12:42Z" finished-at="2015-11-19T11:12:42Z">
          <reporter-output>
          </reporter-output>
        </test-method> <!-- testRemoveTire -->
        <test-method status="SKIP" signature="springTestContextBeforeTestMethod(java.lang.reflect.Method)[pri:0, instance:cz.muni.fi.pa165_pneuservis.dao.TireDaoImplTest@37d31475]" name="springTestContextBeforeTestMethod" is-config="true" duration-ms="0" started-at="2015-11-19T11:12:42Z" finished-at="2015-11-19T11:12:42Z">
          <reporter-output>
          </reporter-output>
        </test-method> <!-- springTestContextBeforeTestMethod -->
        <test-method status="PASS" signature="springTestContextAfterTestMethod(java.lang.reflect.Method)[pri:0, instance:cz.muni.fi.pa165_pneuservis.dao.TireDaoImplTest@37d31475]" name="springTestContextAfterTestMethod" is-config="true" duration-ms="1" started-at="2015-11-19T11:12:42Z" finished-at="2015-11-19T11:12:42Z">
          <params>
            <param index="0">
              <value>
                <![CDATA[public void cz.muni.fi.pa165_pneuservis.dao.TireDaoImplTest.testRemoveTire()]]>
              </value>
            </param>
          </params>
          <reporter-output>
          </reporter-output>
        </test-method> <!-- springTestContextAfterTestMethod -->
        <test-method status="SKIP" signature="springTestContextBeforeTestMethod(java.lang.reflect.Method)[pri:0, instance:cz.muni.fi.pa165_pneuservis.dao.TireDaoImplTest@37d31475]" name="springTestContextBeforeTestMethod" is-config="true" duration-ms="0" started-at="2015-11-19T11:12:42Z" finished-at="2015-11-19T11:12:42Z">
          <reporter-output>
          </reporter-output>
        </test-method> <!-- springTestContextBeforeTestMethod -->
        <test-method status="SKIP" signature="testUpdateTire()[pri:0, instance:cz.muni.fi.pa165_pneuservis.dao.TireDaoImplTest@37d31475]" name="testUpdateTire" duration-ms="1" started-at="2015-11-19T11:12:42Z" finished-at="2015-11-19T11:12:42Z">
          <reporter-output>
          </reporter-output>
        </test-method> <!-- testUpdateTire -->
        <test-method status="PASS" signature="springTestContextAfterTestMethod(java.lang.reflect.Method)[pri:0, instance:cz.muni.fi.pa165_pneuservis.dao.TireDaoImplTest@37d31475]" name="springTestContextAfterTestMethod" is-config="true" duration-ms="1" started-at="2015-11-19T11:12:42Z" finished-at="2015-11-19T11:12:42Z">
          <params>
            <param index="0">
              <value>
                <![CDATA[public void cz.muni.fi.pa165_pneuservis.dao.TireDaoImplTest.testUpdateTire()]]>
              </value>
            </param>
          </params>
          <reporter-output>
          </reporter-output>
        </test-method> <!-- springTestContextAfterTestMethod -->
        <test-method status="PASS" signature="springTestContextAfterTestClass()[pri:0, instance:cz.muni.fi.pa165_pneuservis.dao.TireDaoImplTest@37d31475]" name="springTestContextAfterTestClass" is-config="true" duration-ms="1" started-at="2015-11-19T11:12:42Z" finished-at="2015-11-19T11:12:42Z">
          <reporter-output>
          </reporter-output>
        </test-method> <!-- springTestContextAfterTestClass -->
      </class> <!-- cz.muni.fi.pa165_pneuservis.dao.TireDaoImplTest -->
      <class name="cz.muni.fi.pa165_pneuservis.dao.CustomerDaoImplTest">
        <test-method status="PASS" signature="springTestContextBeforeTestClass()[pri:0, instance:cz.muni.fi.pa165_pneuservis.dao.CustomerDaoImplTest@7a9273a8]" name="springTestContextBeforeTestClass" is-config="true" duration-ms="23" started-at="2015-11-19T11:12:35Z" finished-at="2015-11-19T11:12:35Z">
          <reporter-output>
          </reporter-output>
        </test-method> <!-- springTestContextBeforeTestClass -->
        <test-method status="FAIL" signature="springTestContextPrepareTestInstance()[pri:0, instance:cz.muni.fi.pa165_pneuservis.dao.CustomerDaoImplTest@7a9273a8]" name="springTestContextPrepareTestInstance" is-config="true" duration-ms="0" started-at="2015-11-19T11:12:35Z" depends-on-methods="org.springframework.test.context.testng.AbstractTestNGSpringContextTests.springTestContextBeforeTestClass" finished-at="2015-11-19T11:12:35Z">
          <exception class="java.lang.NoSuchMethodError">
            <message>
              <![CDATA[org.springframework.aop.framework.autoproxy.AutoProxyUtils.determineTargetClass(Lorg/springframework/beans/factory/config/ConfigurableListableBeanFactory;Ljava/lang/String;)Ljava/lang/Class;]]>
            </message>
            <full-stacktrace>
              <![CDATA[java.lang.NoSuchMethodError: org.springframework.aop.framework.autoproxy.AutoProxyUtils.determineTargetClass(Lorg/springframework/beans/factory/config/ConfigurableListableBeanFactory;Ljava/lang/String;)Ljava/lang/Class;
	at org.springframework.context.event.EventListenerMethodProcessor.afterSingletonsInstantiated(EventListenerMethodProcessor.java:78)
	at org.springframework.beans.factory.support.DefaultListableBeanFactory.preInstantiateSingletons(DefaultListableBeanFactory.java:792)
	at org.springframework.context.support.AbstractApplicationContext.finishBeanFactoryInitialization(AbstractApplicationContext.java:838)
	at org.springframework.context.support.AbstractApplicationContext.refresh(AbstractApplicationContext.java:537)
	at org.springframework.test.context.support.AbstractGenericContextLoader.loadContext(AbstractGenericContextLoader.java:125)
	at org.springframework.test.context.support.AbstractGenericContextLoader.loadContext(AbstractGenericContextLoader.java:60)
	at org.springframework.test.context.support.AbstractDelegatingSmartContextLoader.delegateLoading(AbstractDelegatingSmartContextLoader.java:109)
	at org.springframework.test.context.support.AbstractDelegatingSmartContextLoader.loadContext(AbstractDelegatingSmartContextLoader.java:261)
	at org.springframework.test.context.cache.DefaultCacheAwareContextLoaderDelegate.loadContextInternal(DefaultCacheAwareContextLoaderDelegate.java:98)
	at org.springframework.test.context.cache.DefaultCacheAwareContextLoaderDelegate.loadContext(DefaultCacheAwareContextLoaderDelegate.java:116)
	at org.springframework.test.context.support.DefaultTestContext.getApplicationContext(DefaultTestContext.java:83)
	at org.springframework.test.context.support.DependencyInjectionTestExecutionListener.injectDependencies(DependencyInjectionTestExecutionListener.java:117)
	at org.springframework.test.context.support.DependencyInjectionTestExecutionListener.prepareTestInstance(DependencyInjectionTestExecutionListener.java:83)
	at org.springframework.test.context.TestContextManager.prepareTestInstance(TestContextManager.java:228)
	at org.springframework.test.context.testng.AbstractTestNGSpringContextTests.springTestContextPrepareTestInstance(AbstractTestNGSpringContextTests.java:149)
	at sun.reflect.NativeMethodAccessorImpl.invoke0(Native Method)
	at sun.reflect.NativeMethodAccessorImpl.invoke(NativeMethodAccessorImpl.java:62)
	at sun.reflect.DelegatingMethodAccessorImpl.invoke(DelegatingMethodAccessorImpl.java:43)
	at java.lang.reflect.Method.invoke(Method.java:497)
	at org.testng.internal.MethodInvocationHelper.invokeMethod(MethodInvocationHelper.java:84)
	at org.testng.internal.Invoker.invokeConfigurationMethod(Invoker.java:564)
	at org.testng.internal.Invoker.invokeConfigurations(Invoker.java:213)
	at org.testng.internal.Invoker.invokeConfigurations(Invoker.java:138)
	at org.testng.internal.TestMethodWorker.invokeBeforeClassMethods(TestMethodWorker.java:175)
	at org.testng.internal.TestMethodWorker.run(TestMethodWorker.java:107)
	at org.testng.TestRunner.privateRun(TestRunner.java:767)
	at org.testng.TestRunner.run(TestRunner.java:617)
	at org.testng.SuiteRunner.runTest(SuiteRunner.java:348)
	at org.testng.SuiteRunner.runSequentially(SuiteRunner.java:343)
	at org.testng.SuiteRunner.privateRun(SuiteRunner.java:305)
	at org.testng.SuiteRunner.run(SuiteRunner.java:254)
	at org.testng.SuiteRunnerWorker.runSuite(SuiteRunnerWorker.java:52)
	at org.testng.SuiteRunnerWorker.run(SuiteRunnerWorker.java:86)
	at org.testng.TestNG.runSuitesSequentially(TestNG.java:1224)
	at org.testng.TestNG.runSuitesLocally(TestNG.java:1149)
	at org.testng.TestNG.run(TestNG.java:1057)
	at org.apache.maven.surefire.testng.TestNGExecutor.run(TestNGExecutor.java:70)
	at org.apache.maven.surefire.testng.TestNGDirectoryTestSuite.executeMulti(TestNGDirectoryTestSuite.java:158)
	at org.apache.maven.surefire.testng.TestNGDirectoryTestSuite.execute(TestNGDirectoryTestSuite.java:98)
	at org.apache.maven.surefire.testng.TestNGProvider.invoke(TestNGProvider.java:111)
	at sun.reflect.NativeMethodAccessorImpl.invoke0(Native Method)
	at sun.reflect.NativeMethodAccessorImpl.invoke(NativeMethodAccessorImpl.java:62)
	at sun.reflect.DelegatingMethodAccessorImpl.invoke(DelegatingMethodAccessorImpl.java:43)
	at java.lang.reflect.Method.invoke(Method.java:497)
	at org.apache.maven.surefire.util.ReflectionUtils.invokeMethodWithArray(ReflectionUtils.java:164)
	at org.apache.maven.surefire.booter.ProviderFactory$ProviderProxy.invoke(ProviderFactory.java:110)
	at org.apache.maven.surefire.booter.SurefireStarter.invokeProvider(SurefireStarter.java:175)
	at org.apache.maven.surefire.booter.SurefireStarter.runSuitesInProcessWhenForked(SurefireStarter.java:107)
	at org.apache.maven.surefire.booter.ForkedBooter.main(ForkedBooter.java:68)
]]>
            </full-stacktrace>
          </exception> <!-- java.lang.NoSuchMethodError -->
          <reporter-output>
          </reporter-output>
        </test-method> <!-- springTestContextPrepareTestInstance -->
        <test-method status="SKIP" signature="testCreateEmCustomer()[pri:0, instance:cz.muni.fi.pa165_pneuservis.dao.CustomerDaoImplTest@7a9273a8]" name="testCreateEmCustomer" duration-ms="2" started-at="2015-11-19T11:12:42Z" finished-at="2015-11-19T11:12:42Z">
          <reporter-output>
          </reporter-output>
        </test-method> <!-- testCreateEmCustomer -->
        <test-method status="SKIP" signature="springTestContextBeforeTestMethod(java.lang.reflect.Method)[pri:0, instance:cz.muni.fi.pa165_pneuservis.dao.CustomerDaoImplTest@7a9273a8]" name="springTestContextBeforeTestMethod" is-config="true" duration-ms="0" started-at="2015-11-19T11:12:42Z" finished-at="2015-11-19T11:12:42Z">
          <reporter-output>
          </reporter-output>
        </test-method> <!-- springTestContextBeforeTestMethod -->
        <test-method status="SKIP" signature="setUp()[pri:0, instance:cz.muni.fi.pa165_pneuservis.dao.CustomerDaoImplTest@7a9273a8]" name="setUp" is-config="true" duration-ms="0" started-at="2015-11-19T11:12:42Z" finished-at="2015-11-19T11:12:42Z">
          <reporter-output>
          </reporter-output>
        </test-method> <!-- setUp -->
        <test-method status="PASS" signature="springTestContextAfterTestMethod(java.lang.reflect.Method)[pri:0, instance:cz.muni.fi.pa165_pneuservis.dao.CustomerDaoImplTest@7a9273a8]" name="springTestContextAfterTestMethod" is-config="true" duration-ms="5" started-at="2015-11-19T11:12:42Z" finished-at="2015-11-19T11:12:42Z">
          <params>
            <param index="0">
              <value>
                <![CDATA[public void cz.muni.fi.pa165_pneuservis.dao.CustomerDaoImplTest.testCreateEmCustomer()]]>
              </value>
            </param>
          </params>
          <reporter-output>
          </reporter-output>
        </test-method> <!-- springTestContextAfterTestMethod -->
        <test-method status="SKIP" signature="springTestContextBeforeTestMethod(java.lang.reflect.Method)[pri:0, instance:cz.muni.fi.pa165_pneuservis.dao.CustomerDaoImplTest@7a9273a8]" name="springTestContextBeforeTestMethod" is-config="true" duration-ms="0" started-at="2015-11-19T11:12:42Z" finished-at="2015-11-19T11:12:42Z">
          <reporter-output>
          </reporter-output>
        </test-method> <!-- springTestContextBeforeTestMethod -->
        <test-method status="SKIP" signature="setUp()[pri:0, instance:cz.muni.fi.pa165_pneuservis.dao.CustomerDaoImplTest@7a9273a8]" name="setUp" is-config="true" duration-ms="0" started-at="2015-11-19T11:12:42Z" finished-at="2015-11-19T11:12:42Z">
          <reporter-output>
          </reporter-output>
        </test-method> <!-- setUp -->
        <test-method status="PASS" signature="springTestContextAfterTestMethod(java.lang.reflect.Method)[pri:0, instance:cz.muni.fi.pa165_pneuservis.dao.CustomerDaoImplTest@7a9273a8]" name="springTestContextAfterTestMethod" is-config="true" duration-ms="1" started-at="2015-11-19T11:12:42Z" finished-at="2015-11-19T11:12:42Z">
          <params>
            <param index="0">
              <value>
                <![CDATA[public void cz.muni.fi.pa165_pneuservis.dao.CustomerDaoImplTest.testCustomerRemove()]]>
              </value>
            </param>
          </params>
          <reporter-output>
          </reporter-output>
        </test-method> <!-- springTestContextAfterTestMethod -->
        <test-method status="SKIP" signature="testCustomerRemove()[pri:0, instance:cz.muni.fi.pa165_pneuservis.dao.CustomerDaoImplTest@7a9273a8]" name="testCustomerRemove" duration-ms="0" started-at="2015-11-19T11:12:42Z" finished-at="2015-11-19T11:12:42Z">
          <reporter-output>
          </reporter-output>
        </test-method> <!-- testCustomerRemove -->
        <test-method status="SKIP" signature="springTestContextBeforeTestMethod(java.lang.reflect.Method)[pri:0, instance:cz.muni.fi.pa165_pneuservis.dao.CustomerDaoImplTest@7a9273a8]" name="springTestContextBeforeTestMethod" is-config="true" duration-ms="0" started-at="2015-11-19T11:12:42Z" finished-at="2015-11-19T11:12:42Z">
          <reporter-output>
          </reporter-output>
        </test-method> <!-- springTestContextBeforeTestMethod -->
        <test-method status="SKIP" signature="testCustomersCreation()[pri:0, instance:cz.muni.fi.pa165_pneuservis.dao.CustomerDaoImplTest@7a9273a8]" name="testCustomersCreation" duration-ms="0" started-at="2015-11-19T11:12:42Z" finished-at="2015-11-19T11:12:42Z">
          <reporter-output>
          </reporter-output>
        </test-method> <!-- testCustomersCreation -->
        <test-method status="SKIP" signature="setUp()[pri:0, instance:cz.muni.fi.pa165_pneuservis.dao.CustomerDaoImplTest@7a9273a8]" name="setUp" is-config="true" duration-ms="0" started-at="2015-11-19T11:12:42Z" finished-at="2015-11-19T11:12:42Z">
          <reporter-output>
          </reporter-output>
        </test-method> <!-- setUp -->
        <test-method status="PASS" signature="springTestContextAfterTestMethod(java.lang.reflect.Method)[pri:0, instance:cz.muni.fi.pa165_pneuservis.dao.CustomerDaoImplTest@7a9273a8]" name="springTestContextAfterTestMethod" is-config="true" duration-ms="0" started-at="2015-11-19T11:12:42Z" finished-at="2015-11-19T11:12:42Z">
          <params>
            <param index="0">
              <value>
                <![CDATA[public void cz.muni.fi.pa165_pneuservis.dao.CustomerDaoImplTest.testCustomersCreation()]]>
              </value>
            </param>
          </params>
          <reporter-output>
          </reporter-output>
        </test-method> <!-- springTestContextAfterTestMethod -->
        <test-method status="SKIP" signature="springTestContextBeforeTestMethod(java.lang.reflect.Method)[pri:0, instance:cz.muni.fi.pa165_pneuservis.dao.CustomerDaoImplTest@7a9273a8]" name="springTestContextBeforeTestMethod" is-config="true" duration-ms="0" started-at="2015-11-19T11:12:42Z" finished-at="2015-11-19T11:12:42Z">
          <reporter-output>
          </reporter-output>
        </test-method> <!-- springTestContextBeforeTestMethod -->
        <test-method status="SKIP" signature="testFindAll()[pri:0, instance:cz.muni.fi.pa165_pneuservis.dao.CustomerDaoImplTest@7a9273a8]" name="testFindAll" duration-ms="0" started-at="2015-11-19T11:12:42Z" finished-at="2015-11-19T11:12:42Z">
          <reporter-output>
          </reporter-output>
        </test-method> <!-- testFindAll -->
        <test-method status="SKIP" signature="setUp()[pri:0, instance:cz.muni.fi.pa165_pneuservis.dao.CustomerDaoImplTest@7a9273a8]" name="setUp" is-config="true" duration-ms="0" started-at="2015-11-19T11:12:42Z" finished-at="2015-11-19T11:12:42Z">
          <reporter-output>
          </reporter-output>
        </test-method> <!-- setUp -->
        <test-method status="PASS" signature="springTestContextAfterTestMethod(java.lang.reflect.Method)[pri:0, instance:cz.muni.fi.pa165_pneuservis.dao.CustomerDaoImplTest@7a9273a8]" name="springTestContextAfterTestMethod" is-config="true" duration-ms="1" started-at="2015-11-19T11:12:42Z" finished-at="2015-11-19T11:12:42Z">
          <params>
            <param index="0">
              <value>
                <![CDATA[public void cz.muni.fi.pa165_pneuservis.dao.CustomerDaoImplTest.testFindAll()]]>
              </value>
            </param>
          </params>
          <reporter-output>
          </reporter-output>
        </test-method> <!-- springTestContextAfterTestMethod -->
        <test-method status="SKIP" signature="springTestContextBeforeTestMethod(java.lang.reflect.Method)[pri:0, instance:cz.muni.fi.pa165_pneuservis.dao.CustomerDaoImplTest@7a9273a8]" name="springTestContextBeforeTestMethod" is-config="true" duration-ms="0" started-at="2015-11-19T11:12:42Z" finished-at="2015-11-19T11:12:42Z">
          <reporter-output>
          </reporter-output>
        </test-method> <!-- springTestContextBeforeTestMethod -->
        <test-method status="SKIP" signature="setUp()[pri:0, instance:cz.muni.fi.pa165_pneuservis.dao.CustomerDaoImplTest@7a9273a8]" name="setUp" is-config="true" duration-ms="0" started-at="2015-11-19T11:12:42Z" finished-at="2015-11-19T11:12:42Z">
          <reporter-output>
          </reporter-output>
        </test-method> <!-- setUp -->
        <test-method status="SKIP" signature="testRemoveEmCustomer()[pri:0, instance:cz.muni.fi.pa165_pneuservis.dao.CustomerDaoImplTest@7a9273a8]" name="testRemoveEmCustomer" duration-ms="0" started-at="2015-11-19T11:12:42Z" finished-at="2015-11-19T11:12:42Z">
          <reporter-output>
          </reporter-output>
        </test-method> <!-- testRemoveEmCustomer -->
        <test-method status="PASS" signature="springTestContextAfterTestMethod(java.lang.reflect.Method)[pri:0, instance:cz.muni.fi.pa165_pneuservis.dao.CustomerDaoImplTest@7a9273a8]" name="springTestContextAfterTestMethod" is-config="true" duration-ms="1" started-at="2015-11-19T11:12:42Z" finished-at="2015-11-19T11:12:42Z">
          <params>
            <param index="0">
              <value>
                <![CDATA[public void cz.muni.fi.pa165_pneuservis.dao.CustomerDaoImplTest.testRemoveEmCustomer()]]>
              </value>
            </param>
          </params>
          <reporter-output>
          </reporter-output>
        </test-method> <!-- springTestContextAfterTestMethod -->
        <test-method status="PASS" signature="springTestContextAfterTestClass()[pri:0, instance:cz.muni.fi.pa165_pneuservis.dao.CustomerDaoImplTest@7a9273a8]" name="springTestContextAfterTestClass" is-config="true" duration-ms="1" started-at="2015-11-19T11:12:42Z" finished-at="2015-11-19T11:12:42Z">
          <reporter-output>
          </reporter-output>
        </test-method> <!-- springTestContextAfterTestClass -->
      </class> <!-- cz.muni.fi.pa165_pneuservis.dao.CustomerDaoImplTest -->
      <class name="cz.muni.fi.pa165_pneuservis.dao.OrderItemDaoImplTest">
        <test-method status="SKIP" signature="springTestContextBeforeTestClass()[pri:0, instance:cz.muni.fi.pa165_pneuservis.dao.OrderItemDaoImplTest@60285225]" name="springTestContextBeforeTestClass" is-config="true" duration-ms="0" started-at="2015-11-19T11:12:42Z" finished-at="2015-11-19T11:12:42Z">
          <reporter-output>
          </reporter-output>
        </test-method> <!-- springTestContextBeforeTestClass -->
        <test-method status="SKIP" signature="springTestContextPrepareTestInstance()[pri:0, instance:cz.muni.fi.pa165_pneuservis.dao.OrderItemDaoImplTest@60285225]" name="springTestContextPrepareTestInstance" is-config="true" duration-ms="0" started-at="2015-11-19T11:12:42Z" depends-on-methods="org.springframework.test.context.testng.AbstractTestNGSpringContextTests.springTestContextBeforeTestClass" finished-at="2015-11-19T11:12:42Z">
          <reporter-output>
          </reporter-output>
        </test-method> <!-- springTestContextPrepareTestInstance -->
        <test-method status="SKIP" signature="springTestContextBeforeTestMethod(java.lang.reflect.Method)[pri:0, instance:cz.muni.fi.pa165_pneuservis.dao.OrderItemDaoImplTest@60285225]" name="springTestContextBeforeTestMethod" is-config="true" duration-ms="0" started-at="2015-11-19T11:12:42Z" finished-at="2015-11-19T11:12:42Z">
          <reporter-output>
          </reporter-output>
        </test-method> <!-- springTestContextBeforeTestMethod -->
        <test-method status="SKIP" signature="setUp()[pri:0, instance:cz.muni.fi.pa165_pneuservis.dao.OrderItemDaoImplTest@60285225]" name="setUp" is-config="true" duration-ms="0" started-at="2015-11-19T11:12:42Z" finished-at="2015-11-19T11:12:42Z">
          <reporter-output>
          </reporter-output>
        </test-method> <!-- setUp -->
        <test-method status="SKIP" signature="testFindAll()[pri:0, instance:cz.muni.fi.pa165_pneuservis.dao.OrderItemDaoImplTest@60285225]" name="testFindAll" duration-ms="0" started-at="2015-11-19T11:12:42Z" finished-at="2015-11-19T11:12:42Z">
          <reporter-output>
          </reporter-output>
        </test-method> <!-- testFindAll -->
        <test-method status="PASS" signature="springTestContextAfterTestMethod(java.lang.reflect.Method)[pri:0, instance:cz.muni.fi.pa165_pneuservis.dao.OrderItemDaoImplTest@60285225]" name="springTestContextAfterTestMethod" is-config="true" duration-ms="0" started-at="2015-11-19T11:12:42Z" finished-at="2015-11-19T11:12:42Z">
          <params>
            <param index="0">
              <value>
                <![CDATA[public void cz.muni.fi.pa165_pneuservis.dao.OrderItemDaoImplTest.testFindAll()]]>
              </value>
            </param>
          </params>
          <reporter-output>
          </reporter-output>
        </test-method> <!-- springTestContextAfterTestMethod -->
        <test-method status="SKIP" signature="springTestContextBeforeTestMethod(java.lang.reflect.Method)[pri:0, instance:cz.muni.fi.pa165_pneuservis.dao.OrderItemDaoImplTest@60285225]" name="springTestContextBeforeTestMethod" is-config="true" duration-ms="0" started-at="2015-11-19T11:12:42Z" finished-at="2015-11-19T11:12:42Z">
          <reporter-output>
          </reporter-output>
        </test-method> <!-- springTestContextBeforeTestMethod -->
        <test-method status="SKIP" signature="setUp()[pri:0, instance:cz.muni.fi.pa165_pneuservis.dao.OrderItemDaoImplTest@60285225]" name="setUp" is-config="true" duration-ms="0" started-at="2015-11-19T11:12:42Z" finished-at="2015-11-19T11:12:42Z">
          <reporter-output>
          </reporter-output>
        </test-method> <!-- setUp -->
        <test-method status="SKIP" signature="testFindById()[pri:0, instance:cz.muni.fi.pa165_pneuservis.dao.OrderItemDaoImplTest@60285225]" name="testFindById" duration-ms="0" started-at="2015-11-19T11:12:42Z" finished-at="2015-11-19T11:12:42Z">
          <reporter-output>
          </reporter-output>
        </test-method> <!-- testFindById -->
        <test-method status="SKIP" signature="springTestContextBeforeTestMethod(java.lang.reflect.Method)[pri:0, instance:cz.muni.fi.pa165_pneuservis.dao.OrderItemDaoImplTest@60285225]" name="springTestContextBeforeTestMethod" is-config="true" duration-ms="0" started-at="2015-11-19T11:12:42Z" finished-at="2015-11-19T11:12:42Z">
          <reporter-output>
          </reporter-output>
        </test-method> <!-- springTestContextBeforeTestMethod -->
        <test-method status="PASS" signature="springTestContextAfterTestMethod(java.lang.reflect.Method)[pri:0, instance:cz.muni.fi.pa165_pneuservis.dao.OrderItemDaoImplTest@60285225]" name="springTestContextAfterTestMethod" is-config="true" duration-ms="0" started-at="2015-11-19T11:12:42Z" finished-at="2015-11-19T11:12:42Z">
          <params>
            <param index="0">
              <value>
                <![CDATA[public void cz.muni.fi.pa165_pneuservis.dao.OrderItemDaoImplTest.testFindById()]]>
              </value>
            </param>
          </params>
          <reporter-output>
          </reporter-output>
        </test-method> <!-- springTestContextAfterTestMethod -->
        <test-method status="SKIP" signature="setUp()[pri:0, instance:cz.muni.fi.pa165_pneuservis.dao.OrderItemDaoImplTest@60285225]" name="setUp" is-config="true" duration-ms="0" started-at="2015-11-19T11:12:42Z" finished-at="2015-11-19T11:12:42Z">
          <reporter-output>
          </reporter-output>
        </test-method> <!-- setUp -->
        <test-method status="SKIP" signature="testRemove()[pri:0, instance:cz.muni.fi.pa165_pneuservis.dao.OrderItemDaoImplTest@60285225]" name="testRemove" duration-ms="0" started-at="2015-11-19T11:12:42Z" finished-at="2015-11-19T11:12:42Z">
          <reporter-output>
          </reporter-output>
        </test-method> <!-- testRemove -->
        <test-method status="PASS" signature="springTestContextAfterTestMethod(java.lang.reflect.Method)[pri:0, instance:cz.muni.fi.pa165_pneuservis.dao.OrderItemDaoImplTest@60285225]" name="springTestContextAfterTestMethod" is-config="true" duration-ms="0" started-at="2015-11-19T11:12:42Z" finished-at="2015-11-19T11:12:42Z">
          <params>
            <param index="0">
              <value>
                <![CDATA[public void cz.muni.fi.pa165_pneuservis.dao.OrderItemDaoImplTest.testRemove()]]>
              </value>
            </param>
          </params>
          <reporter-output>
          </reporter-output>
        </test-method> <!-- springTestContextAfterTestMethod -->
        <test-method status="SKIP" signature="springTestContextBeforeTestMethod(java.lang.reflect.Method)[pri:0, instance:cz.muni.fi.pa165_pneuservis.dao.OrderItemDaoImplTest@60285225]" name="springTestContextBeforeTestMethod" is-config="true" duration-ms="0" started-at="2015-11-19T11:12:42Z" finished-at="2015-11-19T11:12:42Z">
          <reporter-output>
          </reporter-output>
        </test-method> <!-- springTestContextBeforeTestMethod -->
        <test-method status="SKIP" signature="testUpdate()[pri:0, instance:cz.muni.fi.pa165_pneuservis.dao.OrderItemDaoImplTest@60285225]" name="testUpdate" duration-ms="2" started-at="2015-11-19T11:12:42Z" finished-at="2015-11-19T11:12:42Z">
          <reporter-output>
          </reporter-output>
        </test-method> <!-- testUpdate -->
        <test-method status="SKIP" signature="setUp()[pri:0, instance:cz.muni.fi.pa165_pneuservis.dao.OrderItemDaoImplTest@60285225]" name="setUp" is-config="true" duration-ms="0" started-at="2015-11-19T11:12:42Z" finished-at="2015-11-19T11:12:42Z">
          <reporter-output>
          </reporter-output>
        </test-method> <!-- setUp -->
        <test-method status="PASS" signature="springTestContextAfterTestMethod(java.lang.reflect.Method)[pri:0, instance:cz.muni.fi.pa165_pneuservis.dao.OrderItemDaoImplTest@60285225]" name="springTestContextAfterTestMethod" is-config="true" duration-ms="0" started-at="2015-11-19T11:12:42Z" finished-at="2015-11-19T11:12:42Z">
          <params>
            <param index="0">
              <value>
                <![CDATA[public void cz.muni.fi.pa165_pneuservis.dao.OrderItemDaoImplTest.testUpdate()]]>
              </value>
            </param>
          </params>
          <reporter-output>
          </reporter-output>
        </test-method> <!-- springTestContextAfterTestMethod -->
        <test-method status="PASS" signature="springTestContextAfterTestClass()[pri:0, instance:cz.muni.fi.pa165_pneuservis.dao.OrderItemDaoImplTest@60285225]" name="springTestContextAfterTestClass" is-config="true" duration-ms="1" started-at="2015-11-19T11:12:42Z" finished-at="2015-11-19T11:12:42Z">
          <reporter-output>
          </reporter-output>
        </test-method> <!-- springTestContextAfterTestClass -->
      </class> <!-- cz.muni.fi.pa165_pneuservis.dao.OrderItemDaoImplTest -->
      <class name="cz.muni.fi.pa165_pneuservis.dao.OrderDaoImplTest">
        <test-method status="SKIP" signature="springTestContextPrepareTestInstance()[pri:0, instance:cz.muni.fi.pa165_pneuservis.dao.OrderDaoImplTest@1500955a]" name="springTestContextPrepareTestInstance" is-config="true" duration-ms="0" started-at="2015-11-19T11:12:42Z" depends-on-methods="org.springframework.test.context.testng.AbstractTestNGSpringContextTests.springTestContextBeforeTestClass" finished-at="2015-11-19T11:12:42Z">
          <reporter-output>
          </reporter-output>
        </test-method> <!-- springTestContextPrepareTestInstance -->
        <test-method status="SKIP" signature="springTestContextBeforeTestMethod(java.lang.reflect.Method)[pri:0, instance:cz.muni.fi.pa165_pneuservis.dao.OrderDaoImplTest@1500955a]" name="springTestContextBeforeTestMethod" is-config="true" duration-ms="0" started-at="2015-11-19T11:12:42Z" finished-at="2015-11-19T11:12:42Z">
          <reporter-output>
          </reporter-output>
        </test-method> <!-- springTestContextBeforeTestMethod -->
        <test-method status="SKIP" signature="springTestContextBeforeTestClass()[pri:0, instance:cz.muni.fi.pa165_pneuservis.dao.OrderDaoImplTest@1500955a]" name="springTestContextBeforeTestClass" is-config="true" duration-ms="0" started-at="2015-11-19T11:12:42Z" finished-at="2015-11-19T11:12:42Z">
          <reporter-output>
          </reporter-output>
        </test-method> <!-- springTestContextBeforeTestClass -->
        <test-method status="SKIP" signature="testCreation()[pri:0, instance:cz.muni.fi.pa165_pneuservis.dao.OrderDaoImplTest@1500955a]" name="testCreation" duration-ms="1" started-at="2015-11-19T11:12:42Z" finished-at="2015-11-19T11:12:42Z">
          <reporter-output>
          </reporter-output>
        </test-method> <!-- testCreation -->
        <test-method status="SKIP" signature="setUp()[pri:0, instance:cz.muni.fi.pa165_pneuservis.dao.OrderDaoImplTest@1500955a]" name="setUp" is-config="true" duration-ms="0" started-at="2015-11-19T11:12:42Z" finished-at="2015-11-19T11:12:42Z">
          <reporter-output>
          </reporter-output>
        </test-method> <!-- setUp -->
        <test-method status="PASS" signature="springTestContextAfterTestMethod(java.lang.reflect.Method)[pri:0, instance:cz.muni.fi.pa165_pneuservis.dao.OrderDaoImplTest@1500955a]" name="springTestContextAfterTestMethod" is-config="true" duration-ms="1" started-at="2015-11-19T11:12:42Z" finished-at="2015-11-19T11:12:42Z">
          <params>
            <param index="0">
              <value>
                <![CDATA[public void cz.muni.fi.pa165_pneuservis.dao.OrderDaoImplTest.testCreation()]]>
              </value>
            </param>
          </params>
          <reporter-output>
          </reporter-output>
        </test-method> <!-- springTestContextAfterTestMethod -->
        <test-method status="SKIP" signature="springTestContextBeforeTestMethod(java.lang.reflect.Method)[pri:0, instance:cz.muni.fi.pa165_pneuservis.dao.OrderDaoImplTest@1500955a]" name="springTestContextBeforeTestMethod" is-config="true" duration-ms="0" started-at="2015-11-19T11:12:42Z" finished-at="2015-11-19T11:12:42Z">
          <reporter-output>
          </reporter-output>
        </test-method> <!-- springTestContextBeforeTestMethod -->
        <test-method status="SKIP" signature="setUp()[pri:0, instance:cz.muni.fi.pa165_pneuservis.dao.OrderDaoImplTest@1500955a]" name="setUp" is-config="true" duration-ms="0" started-at="2015-11-19T11:12:42Z" finished-at="2015-11-19T11:12:42Z">
          <reporter-output>
          </reporter-output>
        </test-method> <!-- setUp -->
        <test-method status="SKIP" signature="testFindAll()[pri:0, instance:cz.muni.fi.pa165_pneuservis.dao.OrderDaoImplTest@1500955a]" name="testFindAll" duration-ms="0" started-at="2015-11-19T11:12:42Z" finished-at="2015-11-19T11:12:42Z">
          <reporter-output>
          </reporter-output>
        </test-method> <!-- testFindAll -->
        <test-method status="PASS" signature="springTestContextAfterTestMethod(java.lang.reflect.Method)[pri:0, instance:cz.muni.fi.pa165_pneuservis.dao.OrderDaoImplTest@1500955a]" name="springTestContextAfterTestMethod" is-config="true" duration-ms="1" started-at="2015-11-19T11:12:42Z" finished-at="2015-11-19T11:12:42Z">
          <params>
            <param index="0">
              <value>
                <![CDATA[public void cz.muni.fi.pa165_pneuservis.dao.OrderDaoImplTest.testFindAll()]]>
              </value>
            </param>
          </params>
          <reporter-output>
          </reporter-output>
        </test-method> <!-- springTestContextAfterTestMethod -->
        <test-method status="SKIP" signature="springTestContextBeforeTestMethod(java.lang.reflect.Method)[pri:0, instance:cz.muni.fi.pa165_pneuservis.dao.OrderDaoImplTest@1500955a]" name="springTestContextBeforeTestMethod" is-config="true" duration-ms="0" started-at="2015-11-19T11:12:42Z" finished-at="2015-11-19T11:12:42Z">
          <reporter-output>
          </reporter-output>
        </test-method> <!-- springTestContextBeforeTestMethod -->
        <test-method status="SKIP" signature="testFindByCustomer()[pri:0, instance:cz.muni.fi.pa165_pneuservis.dao.OrderDaoImplTest@1500955a]" name="testFindByCustomer" duration-ms="1" started-at="2015-11-19T11:12:42Z" finished-at="2015-11-19T11:12:42Z">
          <reporter-output>
          </reporter-output>
        </test-method> <!-- testFindByCustomer -->
        <test-method status="SKIP" signature="setUp()[pri:0, instance:cz.muni.fi.pa165_pneuservis.dao.OrderDaoImplTest@1500955a]" name="setUp" is-config="true" duration-ms="0" started-at="2015-11-19T11:12:42Z" finished-at="2015-11-19T11:12:42Z">
          <reporter-output>
          </reporter-output>
        </test-method> <!-- setUp -->
        <test-method status="PASS" signature="springTestContextAfterTestMethod(java.lang.reflect.Method)[pri:0, instance:cz.muni.fi.pa165_pneuservis.dao.OrderDaoImplTest@1500955a]" name="springTestContextAfterTestMethod" is-config="true" duration-ms="1" started-at="2015-11-19T11:12:42Z" finished-at="2015-11-19T11:12:42Z">
          <params>
            <param index="0">
              <value>
                <![CDATA[public void cz.muni.fi.pa165_pneuservis.dao.OrderDaoImplTest.testFindByCustomer()]]>
              </value>
            </param>
          </params>
          <reporter-output>
          </reporter-output>
        </test-method> <!-- springTestContextAfterTestMethod -->
        <test-method status="SKIP" signature="springTestContextBeforeTestMethod(java.lang.reflect.Method)[pri:0, instance:cz.muni.fi.pa165_pneuservis.dao.OrderDaoImplTest@1500955a]" name="springTestContextBeforeTestMethod" is-config="true" duration-ms="0" started-at="2015-11-19T11:12:42Z" finished-at="2015-11-19T11:12:42Z">
          <reporter-output>
          </reporter-output>
        </test-method> <!-- springTestContextBeforeTestMethod -->
        <test-method status="SKIP" signature="setUp()[pri:0, instance:cz.muni.fi.pa165_pneuservis.dao.OrderDaoImplTest@1500955a]" name="setUp" is-config="true" duration-ms="0" started-at="2015-11-19T11:12:42Z" finished-at="2015-11-19T11:12:42Z">
          <reporter-output>
          </reporter-output>
        </test-method> <!-- setUp -->
        <test-method status="PASS" signature="springTestContextAfterTestMethod(java.lang.reflect.Method)[pri:0, instance:cz.muni.fi.pa165_pneuservis.dao.OrderDaoImplTest@1500955a]" name="springTestContextAfterTestMethod" is-config="true" duration-ms="1" started-at="2015-11-19T11:12:42Z" finished-at="2015-11-19T11:12:42Z">
          <params>
            <param index="0">
              <value>
                <![CDATA[public void cz.muni.fi.pa165_pneuservis.dao.OrderDaoImplTest.testRemove()]]>
              </value>
            </param>
          </params>
          <reporter-output>
          </reporter-output>
        </test-method> <!-- springTestContextAfterTestMethod -->
        <test-method status="SKIP" signature="testRemove()[pri:0, instance:cz.muni.fi.pa165_pneuservis.dao.OrderDaoImplTest@1500955a]" name="testRemove" duration-ms="0" started-at="2015-11-19T11:12:42Z" finished-at="2015-11-19T11:12:42Z">
          <reporter-output>
          </reporter-output>
        </test-method> <!-- testRemove -->
        <test-method status="PASS" signature="springTestContextAfterTestClass()[pri:0, instance:cz.muni.fi.pa165_pneuservis.dao.OrderDaoImplTest@1500955a]" name="springTestContextAfterTestClass" is-config="true" duration-ms="0" started-at="2015-11-19T11:12:42Z" finished-at="2015-11-19T11:12:42Z">
          <reporter-output>
          </reporter-output>
        </test-method> <!-- springTestContextAfterTestClass -->
      </class> <!-- cz.muni.fi.pa165_pneuservis.dao.OrderDaoImplTest -->
      <class name="cz.muni.fi.pa165_pneuservis.dao.ServiceDaoImplTest">
        <test-method status="SKIP" signature="springTestContextBeforeTestClass()[pri:0, instance:cz.muni.fi.pa165_pneuservis.dao.ServiceDaoImplTest@687080dc]" name="springTestContextBeforeTestClass" is-config="true" duration-ms="0" started-at="2015-11-19T11:12:42Z" finished-at="2015-11-19T11:12:42Z">
          <reporter-output>
          </reporter-output>
        </test-method> <!-- springTestContextBeforeTestClass -->
        <test-method status="SKIP" signature="springTestContextBeforeTestMethod(java.lang.reflect.Method)[pri:0, instance:cz.muni.fi.pa165_pneuservis.dao.ServiceDaoImplTest@687080dc]" name="springTestContextBeforeTestMethod" is-config="true" duration-ms="0" started-at="2015-11-19T11:12:42Z" finished-at="2015-11-19T11:12:42Z">
          <reporter-output>
          </reporter-output>
        </test-method> <!-- springTestContextBeforeTestMethod -->
        <test-method status="SKIP" signature="springTestContextPrepareTestInstance()[pri:0, instance:cz.muni.fi.pa165_pneuservis.dao.ServiceDaoImplTest@687080dc]" name="springTestContextPrepareTestInstance" is-config="true" duration-ms="0" started-at="2015-11-19T11:12:42Z" depends-on-methods="org.springframework.test.context.testng.AbstractTestNGSpringContextTests.springTestContextBeforeTestClass" finished-at="2015-11-19T11:12:42Z">
          <reporter-output>
          </reporter-output>
        </test-method> <!-- springTestContextPrepareTestInstance -->
        <test-method status="PASS" signature="springTestContextAfterTestMethod(java.lang.reflect.Method)[pri:0, instance:cz.muni.fi.pa165_pneuservis.dao.ServiceDaoImplTest@687080dc]" name="springTestContextAfterTestMethod" is-config="true" duration-ms="9" started-at="2015-11-19T11:12:42Z" finished-at="2015-11-19T11:12:42Z">
          <params>
            <param index="0">
              <value>
                <![CDATA[public void cz.muni.fi.pa165_pneuservis.dao.ServiceDaoImplTest.testCreateService()]]>
              </value>
            </param>
          </params>
          <reporter-output>
          </reporter-output>
        </test-method> <!-- springTestContextAfterTestMethod -->
        <test-method status="SKIP" signature="testCreateService()[pri:0, instance:cz.muni.fi.pa165_pneuservis.dao.ServiceDaoImplTest@687080dc]" name="testCreateService" duration-ms="0" started-at="2015-11-19T11:12:42Z" finished-at="2015-11-19T11:12:42Z">
          <reporter-output>
          </reporter-output>
        </test-method> <!-- testCreateService -->
        <test-method status="PASS" signature="springTestContextAfterTestClass()[pri:0, instance:cz.muni.fi.pa165_pneuservis.dao.ServiceDaoImplTest@687080dc]" name="springTestContextAfterTestClass" is-config="true" duration-ms="1" started-at="2015-11-19T11:12:42Z" finished-at="2015-11-19T11:12:42Z">
          <reporter-output>
          </reporter-output>
        </test-method> <!-- springTestContextAfterTestClass -->
      </class> <!-- cz.muni.fi.pa165_pneuservis.dao.ServiceDaoImplTest -->
    </test> <!-- Command line test -->
  </suite> <!-- Command line suite -->
</testng-results>
