<?xml version="1.0" encoding="UTF-8" ?>
<testsuite tests="62" failures="1" name="TestSuite" time="8.084" errors="0" skipped="61">
  <properties>
[...]
</properties>
  <testcase classname="cz.muni.fi.pa165_pneuservis.dao.CustomerDaoImplTest" name="springTestContextPrepareTestInstance" time="0">
    <failure message="org.springframework.aop.framework.autoproxy.AutoProxyUtils.determineTargetClass(Lorg/springframework/beans/factory/config/ConfigurableListableBeanFactory;Ljava/lang/String;)Ljava/lang/Class;" type="java.lang.NoSuchMethodError">java.lang.NoSuchMethodError: org.springframework.aop.framework.autoproxy.AutoProxyUtils.determineTargetClass(Lorg/springframework/beans/factory/config/ConfigurableListableBeanFactory;Ljava/lang/String;)Ljava/lang/Class;
	at org.springframework.context.event.EventListenerMethodProcessor.afterSingletonsInstantiated(EventListenerMethodProcessor.java:78)
	at org.springframework.beans.factory.support.DefaultListableBeanFactory.preInstantiateSingletons(DefaultListableBeanFactory.java:792)
	at org.springframework.context.support.AbstractApplicationContext.finishBeanFactoryInitialization(AbstractApplicationContext.java:838)
	at org.springframework.context.support.AbstractApplicationContext.refresh(AbstractApplicationContext.java:537)
	at org.springframework.test.context.support.AbstractGenericContextLoader.loadContext(AbstractGenericContextLoader.java:125)
	at org.springframework.test.context.support.AbstractGenericContextLoader.loadContext(AbstractGenericContextLoader.java:60)
	at org.springframework.test.context.support.AbstractDelegatingSmartContextLoader.delegateLoading(AbstractDelegatingSmartContextLoader.java:109)
	at org.springframework.test.context.support.AbstractDelegatingSmartContextLoader.loadContext(AbstractDelegatingSmartContextLoader.java:261)
	at org.springframework.test.context.cache.DefaultCacheAwareContextLoaderDelegate.loadContextInternal(DefaultCacheAwareContextLoaderDelegate.java:98)
	at org.springframework.test.context.cache.DefaultCacheAwareContextLoaderDelegate.loadContext(DefaultCacheAwareContextLoaderDelegate.java:116)
	at org.springframework.test.context.support.DefaultTestContext.getApplicationContext(DefaultTestContext.java:83)
	at org.springframework.test.context.support.DependencyInjectionTestExecutionListener.injectDependencies(DependencyInjectionTestExecutionListener.java:117)
	at org.springframework.test.context.support.DependencyInjectionTestExecutionListener.prepareTestInstance(DependencyInjectionTestExecutionListener.java:83)
	at org.springframework.test.context.TestContextManager.prepareTestInstance(TestContextManager.java:228)
	at org.springframework.test.context.testng.AbstractTestNGSpringContextTests.springTestContextPrepareTestInstance(AbstractTestNGSpringContextTests.java:149)
	at sun.reflect.NativeMethodAccessorImpl.invoke0(Native Method)
	at sun.reflect.NativeMethodAccessorImpl.invoke(NativeMethodAccessorImpl.java:62)
	at sun.reflect.DelegatingMethodAccessorImpl.invoke(DelegatingMethodAccessorImpl.java:43)
	at java.lang.reflect.Method.invoke(Method.java:497)
	at org.testng.internal.MethodInvocationHelper.invokeMethod(MethodInvocationHelper.java:84)
	at org.testng.internal.Invoker.invokeConfigurationMethod(Invoker.java:564)
	at org.testng.internal.Invoker.invokeConfigurations(Invoker.java:213)
	at org.testng.internal.Invoker.invokeConfigurations(Invoker.java:138)
	at org.testng.internal.TestMethodWorker.invokeBeforeClassMethods(TestMethodWorker.java:175)
	at org.testng.internal.TestMethodWorker.run(TestMethodWorker.java:107)
	at org.testng.TestRunner.privateRun(TestRunner.java:767)
	at org.testng.TestRunner.run(TestRunner.java:617)
	at org.testng.SuiteRunner.runTest(SuiteRunner.java:348)
	at org.testng.SuiteRunner.runSequentially(SuiteRunner.java:343)
	at org.testng.SuiteRunner.privateRun(SuiteRunner.java:305)
	at org.testng.SuiteRunner.run(SuiteRunner.java:254)
	at org.testng.SuiteRunnerWorker.runSuite(SuiteRunnerWorker.java:52)
	at org.testng.SuiteRunnerWorker.run(SuiteRunnerWorker.java:86)
	at org.testng.TestNG.runSuitesSequentially(TestNG.java:1224)
	at org.testng.TestNG.runSuitesLocally(TestNG.java:1149)
	at org.testng.TestNG.run(TestNG.java:1057)
	at org.apache.maven.surefire.testng.TestNGExecutor.run(TestNGExecutor.java:70)
	at org.apache.maven.surefire.testng.TestNGDirectoryTestSuite.executeMulti(TestNGDirectoryTestSuite.java:158)
	at org.apache.maven.surefire.testng.TestNGDirectoryTestSuite.execute(TestNGDirectoryTestSuite.java:98)
	at org.apache.maven.surefire.testng.TestNGProvider.invoke(TestNGProvider.java:111)
	at sun.reflect.NativeMethodAccessorImpl.invoke0(Native Method)
	at sun.reflect.NativeMethodAccessorImpl.invoke(NativeMethodAccessorImpl.java:62)
	at sun.reflect.DelegatingMethodAccessorImpl.invoke(DelegatingMethodAccessorImpl.java:43)
	at java.lang.reflect.Method.invoke(Method.java:497)
	at org.apache.maven.surefire.util.ReflectionUtils.invokeMethodWithArray(ReflectionUtils.java:164)
	at org.apache.maven.surefire.booter.ProviderFactory$ProviderProxy.invoke(ProviderFactory.java:110)
	at org.apache.maven.surefire.booter.SurefireStarter.invokeProvider(SurefireStarter.java:175)
	at org.apache.maven.surefire.booter.SurefireStarter.runSuitesInProcessWhenForked(SurefireStarter.java:107)
	at org.apache.maven.surefire.booter.ForkedBooter.main(ForkedBooter.java:68)
</failure>
    <system-err>log4j:WARN No appenders could be found for logger (org.springframework.test.context.BootstrapUtils).
log4j:WARN Please initialize the log4j system properly.
log4j:WARN See http://logging.apache.org/log4j/1.2/faq.html#noconfig for more info.
</system-err>
  </testcase>
  <testcase classname="cz.muni.fi.pa165_pneuservis.dao.CustomerDaoImplTest" name="springTestContextBeforeTestMethod" time="0.003">
    <skipped/>
  </testcase>
  <testcase classname="cz.muni.fi.pa165_pneuservis.dao.CustomerDaoImplTest" name="setUp" time="0.003">
    <skipped/>
  </testcase>
  <testcase classname="cz.muni.fi.pa165_pneuservis.dao.CustomerDaoImplTest" name="testCreateEmCustomer" time="0">
    <skipped/>
  </testcase>
  <testcase classname="cz.muni.fi.pa165_pneuservis.dao.CustomerDaoImplTest" name="springTestContextBeforeTestMethod" time="0.003">
    <skipped/>
  </testcase>
  <testcase classname="cz.muni.fi.pa165_pneuservis.dao.CustomerDaoImplTest" name="setUp" time="0.003">
    <skipped/>
  </testcase>
  <testcase classname="cz.muni.fi.pa165_pneuservis.dao.CustomerDaoImplTest" name="testCustomerRemove" time="0">
    <skipped/>
  </testcase>
  <testcase classname="cz.muni.fi.pa165_pneuservis.dao.CustomerDaoImplTest" name="springTestContextBeforeTestMethod" time="0.001">
    <skipped/>
  </testcase>
  <testcase classname="cz.muni.fi.pa165_pneuservis.dao.CustomerDaoImplTest" name="setUp" time="0.001">
    <skipped/>
  </testcase>
  <testcase classname="cz.muni.fi.pa165_pneuservis.dao.CustomerDaoImplTest" name="testCustomersCreation" time="0">
    <skipped/>
  </testcase>
  <testcase classname="cz.muni.fi.pa165_pneuservis.dao.CustomerDaoImplTest" name="springTestContextBeforeTestMethod" time="0.001">
    <skipped/>
  </testcase>
  <testcase classname="cz.muni.fi.pa165_pneuservis.dao.CustomerDaoImplTest" name="setUp" time="0.002">
    <skipped/>
  </testcase>
  <testcase classname="cz.muni.fi.pa165_pneuservis.dao.CustomerDaoImplTest" name="testFindAll" time="0.002">
    <skipped/>
  </testcase>
  <testcase classname="cz.muni.fi.pa165_pneuservis.dao.CustomerDaoImplTest" name="springTestContextBeforeTestMethod" time="0.002">
    <skipped/>
  </testcase>
  <testcase classname="cz.muni.fi.pa165_pneuservis.dao.CustomerDaoImplTest" name="setUp" time="0.002">
    <skipped/>
  </testcase>
  <testcase classname="cz.muni.fi.pa165_pneuservis.dao.CustomerDaoImplTest" name="testRemoveEmCustomer" time="0">
    <skipped/>
  </testcase>
  <testcase classname="cz.muni.fi.pa165_pneuservis.dao.OrderDaoImplTest" name="springTestContextBeforeTestClass" time="0.002">
    <skipped/>
  </testcase>
  <testcase classname="cz.muni.fi.pa165_pneuservis.dao.OrderDaoImplTest" name="springTestContextPrepareTestInstance" time="0.002">
    <skipped/>
  </testcase>
  <testcase classname="cz.muni.fi.pa165_pneuservis.dao.OrderDaoImplTest" name="springTestContextBeforeTestMethod" time="0.003">
    <skipped/>
  </testcase>
  <testcase classname="cz.muni.fi.pa165_pneuservis.dao.OrderDaoImplTest" name="setUp" time="0.003">
    <skipped/>
  </testcase>
  <testcase classname="cz.muni.fi.pa165_pneuservis.dao.OrderDaoImplTest" name="testCreation" time="0">
    <skipped/>
  </testcase>
  <testcase classname="cz.muni.fi.pa165_pneuservis.dao.OrderDaoImplTest" name="springTestContextBeforeTestMethod" time="0.002">
    <skipped/>
  </testcase>
  <testcase classname="cz.muni.fi.pa165_pneuservis.dao.OrderDaoImplTest" name="setUp" time="0.002">
    <skipped/>
  </testcase>
  <testcase classname="cz.muni.fi.pa165_pneuservis.dao.OrderDaoImplTest" name="testFindAll" time="0">
    <skipped/>
  </testcase>
  <testcase classname="cz.muni.fi.pa165_pneuservis.dao.OrderDaoImplTest" name="springTestContextBeforeTestMethod" time="0.004">
    <skipped/>
  </testcase>
  <testcase classname="cz.muni.fi.pa165_pneuservis.dao.OrderDaoImplTest" name="setUp" time="0.004">
    <skipped/>
  </testcase>
  <testcase classname="cz.muni.fi.pa165_pneuservis.dao.OrderDaoImplTest" name="testFindByCustomer" time="0.001">
    <skipped/>
  </testcase>
  <testcase classname="cz.muni.fi.pa165_pneuservis.dao.OrderDaoImplTest" name="springTestContextBeforeTestMethod" time="0.002">
    <skipped/>
  </testcase>
  <testcase classname="cz.muni.fi.pa165_pneuservis.dao.OrderDaoImplTest" name="setUp" time="0.002">
    <skipped/>
  </testcase>
  <testcase classname="cz.muni.fi.pa165_pneuservis.dao.OrderDaoImplTest" name="testRemove" time="0">
    <skipped/>
  </testcase>
  <testcase classname="cz.muni.fi.pa165_pneuservis.dao.OrderItemDaoImplTest" name="springTestContextBeforeTestClass" time="0.006">
    <skipped/>
  </testcase>
  <testcase classname="cz.muni.fi.pa165_pneuservis.dao.OrderItemDaoImplTest" name="springTestContextPrepareTestInstance" time="0.006">
    <skipped/>
  </testcase>
  <testcase classname="cz.muni.fi.pa165_pneuservis.dao.OrderItemDaoImplTest" name="springTestContextBeforeTestMethod" time="0.006">
    <skipped/>
  </testcase>
  <testcase classname="cz.muni.fi.pa165_pneuservis.dao.OrderItemDaoImplTest" name="setUp" time="0.006">
    <skipped/>
  </testcase>
  <testcase classname="cz.muni.fi.pa165_pneuservis.dao.OrderItemDaoImplTest" name="testFindAll" time="0">
    <skipped/>
  </testcase>
  <testcase classname="cz.muni.fi.pa165_pneuservis.dao.OrderItemDaoImplTest" name="springTestContextBeforeTestMethod" time="0.002">
    <skipped/>
  </testcase>
  <testcase classname="cz.muni.fi.pa165_pneuservis.dao.OrderItemDaoImplTest" name="setUp" time="0.002">
    <skipped/>
  </testcase>
  <testcase classname="cz.muni.fi.pa165_pneuservis.dao.OrderItemDaoImplTest" name="testFindById" time="0">
    <skipped/>
  </testcase>
  <testcase classname="cz.muni.fi.pa165_pneuservis.dao.OrderItemDaoImplTest" name="springTestContextBeforeTestMethod" time="0.005">
    <skipped/>
  </testcase>
  <testcase classname="cz.muni.fi.pa165_pneuservis.dao.OrderItemDaoImplTest" name="setUp" time="0.005">
    <skipped/>
  </testcase>
  <testcase classname="cz.muni.fi.pa165_pneuservis.dao.OrderItemDaoImplTest" name="testRemove" time="0">
    <skipped/>
  </testcase>
  <testcase classname="cz.muni.fi.pa165_pneuservis.dao.OrderItemDaoImplTest" name="springTestContextBeforeTestMethod" time="0">
    <skipped/>
  </testcase>
  <testcase classname="cz.muni.fi.pa165_pneuservis.dao.OrderItemDaoImplTest" name="setUp" time="0">
    <skipped/>
  </testcase>
  <testcase classname="cz.muni.fi.pa165_pneuservis.dao.OrderItemDaoImplTest" name="testUpdate" time="0">
    <skipped/>
  </testcase>
  <testcase classname="cz.muni.fi.pa165_pneuservis.dao.ServiceDaoImplTest" name="springTestContextBeforeTestClass" time="0.001">
    <skipped/>
  </testcase>
  <testcase classname="cz.muni.fi.pa165_pneuservis.dao.ServiceDaoImplTest" name="springTestContextPrepareTestInstance" time="0.002">
    <skipped/>
  </testcase>
  <testcase classname="cz.muni.fi.pa165_pneuservis.dao.ServiceDaoImplTest" name="springTestContextBeforeTestMethod" time="0.002">
    <skipped/>
  </testcase>
  <testcase classname="cz.muni.fi.pa165_pneuservis.dao.ServiceDaoImplTest" name="testCreateService" time="0">
    <skipped/>
  </testcase>
  <testcase classname="cz.muni.fi.pa165_pneuservis.dao.TireDaoImplTest" name="springTestContextBeforeTestClass" time="0.009">
    <skipped/>
  </testcase>
  <testcase classname="cz.muni.fi.pa165_pneuservis.dao.TireDaoImplTest" name="springTestContextPrepareTestInstance" time="0.009">
    <skipped/>
  </testcase>
  <testcase classname="cz.muni.fi.pa165_pneuservis.dao.TireDaoImplTest" name="springTestContextBeforeTestMethod" time="0.009">
    <skipped/>
  </testcase>
  <testcase classname="cz.muni.fi.pa165_pneuservis.dao.TireDaoImplTest" name="testCreateTire" time="0">
    <skipped/>
  </testcase>
  <testcase classname="cz.muni.fi.pa165_pneuservis.dao.TireDaoImplTest" name="springTestContextBeforeTestMethod" time="0">
    <skipped/>
  </testcase>
  <testcase classname="cz.muni.fi.pa165_pneuservis.dao.TireDaoImplTest" name="testFindAllTires" time="0">
    <skipped/>
  </testcase>
  <testcase classname="cz.muni.fi.pa165_pneuservis.dao.TireDaoImplTest" name="springTestContextBeforeTestMethod" time="0.002">
    <skipped/>
  </testcase>
  <testcase classname="cz.muni.fi.pa165_pneuservis.dao.TireDaoImplTest" name="testGetTireById" time="0">
    <skipped/>
  </testcase>
  <testcase classname="cz.muni.fi.pa165_pneuservis.dao.TireDaoImplTest" name="springTestContextBeforeTestMethod" time="0.001">
    <skipped/>
  </testcase>
  <testcase classname="cz.muni.fi.pa165_pneuservis.dao.TireDaoImplTest" name="testGetTireIdInvalid" time="0">
    <skipped/>
  </testcase>
  <testcase classname="cz.muni.fi.pa165_pneuservis.dao.TireDaoImplTest" name="springTestContextBeforeTestMethod" time="0.001">
    <skipped/>
  </testcase>
  <testcase classname="cz.muni.fi.pa165_pneuservis.dao.TireDaoImplTest" name="testRemoveTire" time="0">
    <skipped/>
  </testcase>
  <testcase classname="cz.muni.fi.pa165_pneuservis.dao.TireDaoImplTest" name="springTestContextBeforeTestMethod" time="0.001">
    <skipped/>
  </testcase>
  <testcase classname="cz.muni.fi.pa165_pneuservis.dao.TireDaoImplTest" name="testUpdateTire" time="0.001">
    <skipped/>
  </testcase>
</testsuite>