<?xml version="1.0" encoding="UTF-8"?>
<!-- Generated by org.testng.reporters.JUnitXMLReporter -->
<testsuite hostname="DESKTOP-VAQ1B87" name="Command line test" tests="20" failures="0" timestamp="19 Nov 2015 09:57:22 GMT" time="6.922" errors="0">
  <testcase name="@BeforeClass springTestContextPrepareTestInstance" time="0.0" classname="cz.muni.fi.pa165_pneuservis.dao.CustomerDaoImplTest">
    <failure type="java.lang.NoSuchMethodError" message="org.springframework.aop.framework.autoproxy.AutoProxyUtils.determineTargetClass(Lorg/springframework/beans/factory/config/ConfigurableListableBeanFactory;Ljava/lang/String;)Ljava/lang/Class;">
      <![CDATA[java.lang.NoSuchMethodError: org.springframework.aop.framework.autoproxy.AutoProxyUtils.determineTargetClass(Lorg/springframework/beans/factory/config/ConfigurableListableBeanFactory;Ljava/lang/String;)Ljava/lang/Class;
	at org.springframework.context.event.EventListenerMethodProcessor.afterSingletonsInstantiated(EventListenerMethodProcessor.java:78)
	at org.springframework.beans.factory.support.DefaultListableBeanFactory.preInstantiateSingletons(DefaultListableBeanFactory.java:792)
	at org.springframework.context.support.AbstractApplicationContext.finishBeanFactoryInitialization(AbstractApplicationContext.java:838)
	at org.springframework.context.support.AbstractApplicationContext.refresh(AbstractApplicationContext.java:537)
	at org.springframework.test.context.support.AbstractGenericContextLoader.loadContext(AbstractGenericContextLoader.java:125)
	at org.springframework.test.context.support.AbstractGenericContextLoader.loadContext(AbstractGenericContextLoader.java:60)
	at org.springframework.test.context.support.AbstractDelegatingSmartContextLoader.delegateLoading(AbstractDelegatingSmartContextLoader.java:109)
	at org.springframework.test.context.support.AbstractDelegatingSmartContextLoader.loadContext(AbstractDelegatingSmartContextLoader.java:261)
	at org.springframework.test.context.cache.DefaultCacheAwareContextLoaderDelegate.loadContextInternal(DefaultCacheAwareContextLoaderDelegate.java:98)
	at org.springframework.test.context.cache.DefaultCacheAwareContextLoaderDelegate.loadContext(DefaultCacheAwareContextLoaderDelegate.java:116)
	at org.springframework.test.context.support.DefaultTestContext.getApplicationContext(DefaultTestContext.java:83)
	at org.springframework.test.context.support.DependencyInjectionTestExecutionListener.injectDependencies(DependencyInjectionTestExecutionListener.java:117)
	at org.springframework.test.context.support.DependencyInjectionTestExecutionListener.prepareTestInstance(DependencyInjectionTestExecutionListener.java:83)
	at org.springframework.test.context.TestContextManager.prepareTestInstance(TestContextManager.java:228)
	at org.springframework.test.context.testng.AbstractTestNGSpringContextTests.springTestContextPrepareTestInstance(AbstractTestNGSpringContextTests.java:149)
... Removed 34 stack frames]]>
    </failure>
  </testcase> <!-- @BeforeClass springTestContextPrepareTestInstance -->
  <testcase name="@BeforeMethod springTestContextBeforeTestMethod" time="0.0" classname="cz.muni.fi.pa165_pneuservis.dao.CustomerDaoImplTest">
    <skipped/>
  </testcase> <!-- @BeforeMethod springTestContextBeforeTestMethod -->
  <testcase name="@BeforeMethod setUp" time="0.0" classname="cz.muni.fi.pa165_pneuservis.dao.CustomerDaoImplTest">
    <skipped/>
  </testcase> <!-- @BeforeMethod setUp -->
  <testcase name="@BeforeMethod springTestContextBeforeTestMethod" time="0.0" classname="cz.muni.fi.pa165_pneuservis.dao.CustomerDaoImplTest">
    <skipped/>
  </testcase> <!-- @BeforeMethod springTestContextBeforeTestMethod -->
  <testcase name="@BeforeMethod setUp" time="0.0" classname="cz.muni.fi.pa165_pneuservis.dao.CustomerDaoImplTest">
    <skipped/>
  </testcase> <!-- @BeforeMethod setUp -->
  <testcase name="@BeforeMethod springTestContextBeforeTestMethod" time="0.0" classname="cz.muni.fi.pa165_pneuservis.dao.CustomerDaoImplTest">
    <skipped/>
  </testcase> <!-- @BeforeMethod springTestContextBeforeTestMethod -->
  <testcase name="@BeforeMethod setUp" time="0.0" classname="cz.muni.fi.pa165_pneuservis.dao.CustomerDaoImplTest">
    <skipped/>
  </testcase> <!-- @BeforeMethod setUp -->
  <testcase name="@BeforeMethod springTestContextBeforeTestMethod" time="0.0" classname="cz.muni.fi.pa165_pneuservis.dao.CustomerDaoImplTest">
    <skipped/>
  </testcase> <!-- @BeforeMethod springTestContextBeforeTestMethod -->
  <testcase name="@BeforeMethod setUp" time="0.0" classname="cz.muni.fi.pa165_pneuservis.dao.CustomerDaoImplTest">
    <skipped/>
  </testcase> <!-- @BeforeMethod setUp -->
  <testcase name="@BeforeMethod springTestContextBeforeTestMethod" time="0.0" classname="cz.muni.fi.pa165_pneuservis.dao.CustomerDaoImplTest">
    <skipped/>
  </testcase> <!-- @BeforeMethod springTestContextBeforeTestMethod -->
  <testcase name="@BeforeMethod setUp" time="0.0" classname="cz.muni.fi.pa165_pneuservis.dao.CustomerDaoImplTest">
    <skipped/>
  </testcase> <!-- @BeforeMethod setUp -->
  <testcase name="@BeforeClass springTestContextBeforeTestClass" time="0.0" classname="cz.muni.fi.pa165_pneuservis.dao.OrderDaoImplTest">
    <skipped/>
  </testcase> <!-- @BeforeClass springTestContextBeforeTestClass -->
  <testcase name="@BeforeClass springTestContextPrepareTestInstance" time="0.0" classname="cz.muni.fi.pa165_pneuservis.dao.OrderDaoImplTest">
    <skipped/>
  </testcase> <!-- @BeforeClass springTestContextPrepareTestInstance -->
  <testcase name="@BeforeMethod springTestContextBeforeTestMethod" time="0.0" classname="cz.muni.fi.pa165_pneuservis.dao.OrderDaoImplTest">
    <skipped/>
  </testcase> <!-- @BeforeMethod springTestContextBeforeTestMethod -->
  <testcase name="@BeforeMethod setUp" time="0.0" classname="cz.muni.fi.pa165_pneuservis.dao.OrderDaoImplTest">
    <skipped/>
  </testcase> <!-- @BeforeMethod setUp -->
  <testcase name="@BeforeMethod springTestContextBeforeTestMethod" time="0.0" classname="cz.muni.fi.pa165_pneuservis.dao.OrderDaoImplTest">
    <skipped/>
  </testcase> <!-- @BeforeMethod springTestContextBeforeTestMethod -->
  <testcase name="@BeforeMethod setUp" time="0.0" classname="cz.muni.fi.pa165_pneuservis.dao.OrderDaoImplTest">
    <skipped/>
  </testcase> <!-- @BeforeMethod setUp -->
  <testcase name="@BeforeMethod springTestContextBeforeTestMethod" time="0.0" classname="cz.muni.fi.pa165_pneuservis.dao.OrderDaoImplTest">
    <skipped/>
  </testcase> <!-- @BeforeMethod springTestContextBeforeTestMethod -->
  <testcase name="@BeforeMethod setUp" time="0.0" classname="cz.muni.fi.pa165_pneuservis.dao.OrderDaoImplTest">
    <skipped/>
  </testcase> <!-- @BeforeMethod setUp -->
  <testcase name="@BeforeMethod springTestContextBeforeTestMethod" time="0.0" classname="cz.muni.fi.pa165_pneuservis.dao.OrderDaoImplTest">
    <skipped/>
  </testcase> <!-- @BeforeMethod springTestContextBeforeTestMethod -->
  <testcase name="@BeforeMethod setUp" time="0.0" classname="cz.muni.fi.pa165_pneuservis.dao.OrderDaoImplTest">
    <skipped/>
  </testcase> <!-- @BeforeMethod setUp -->
  <testcase name="@BeforeClass springTestContextBeforeTestClass" time="0.0" classname="cz.muni.fi.pa165_pneuservis.dao.OrderItemDaoImplTest">
    <skipped/>
  </testcase> <!-- @BeforeClass springTestContextBeforeTestClass -->
  <testcase name="@BeforeClass springTestContextPrepareTestInstance" time="0.0" classname="cz.muni.fi.pa165_pneuservis.dao.OrderItemDaoImplTest">
    <skipped/>
  </testcase> <!-- @BeforeClass springTestContextPrepareTestInstance -->
  <testcase name="@BeforeMethod springTestContextBeforeTestMethod" time="0.0" classname="cz.muni.fi.pa165_pneuservis.dao.OrderItemDaoImplTest">
    <skipped/>
  </testcase> <!-- @BeforeMethod springTestContextBeforeTestMethod -->
  <testcase name="@BeforeMethod setUp" time="0.0" classname="cz.muni.fi.pa165_pneuservis.dao.OrderItemDaoImplTest">
    <skipped/>
  </testcase> <!-- @BeforeMethod setUp -->
  <testcase name="@BeforeMethod springTestContextBeforeTestMethod" time="0.0" classname="cz.muni.fi.pa165_pneuservis.dao.OrderItemDaoImplTest">
    <skipped/>
  </testcase> <!-- @BeforeMethod springTestContextBeforeTestMethod -->
  <testcase name="@BeforeMethod setUp" time="0.0" classname="cz.muni.fi.pa165_pneuservis.dao.OrderItemDaoImplTest">
    <skipped/>
  </testcase> <!-- @BeforeMethod setUp -->
  <testcase name="@BeforeMethod springTestContextBeforeTestMethod" time="0.0" classname="cz.muni.fi.pa165_pneuservis.dao.OrderItemDaoImplTest">
    <skipped/>
  </testcase> <!-- @BeforeMethod springTestContextBeforeTestMethod -->
  <testcase name="@BeforeMethod setUp" time="0.0" classname="cz.muni.fi.pa165_pneuservis.dao.OrderItemDaoImplTest">
    <skipped/>
  </testcase> <!-- @BeforeMethod setUp -->
  <testcase name="@BeforeMethod springTestContextBeforeTestMethod" time="0.0" classname="cz.muni.fi.pa165_pneuservis.dao.OrderItemDaoImplTest">
    <skipped/>
  </testcase> <!-- @BeforeMethod springTestContextBeforeTestMethod -->
  <testcase name="@BeforeMethod setUp" time="0.0" classname="cz.muni.fi.pa165_pneuservis.dao.OrderItemDaoImplTest">
    <skipped/>
  </testcase> <!-- @BeforeMethod setUp -->
  <testcase name="@BeforeClass springTestContextBeforeTestClass" time="0.0" classname="cz.muni.fi.pa165_pneuservis.dao.ServiceDaoImplTest">
    <skipped/>
  </testcase> <!-- @BeforeClass springTestContextBeforeTestClass -->
  <testcase name="@BeforeClass springTestContextPrepareTestInstance" time="0.0" classname="cz.muni.fi.pa165_pneuservis.dao.ServiceDaoImplTest">
    <skipped/>
  </testcase> <!-- @BeforeClass springTestContextPrepareTestInstance -->
  <testcase name="@BeforeMethod springTestContextBeforeTestMethod" time="0.0" classname="cz.muni.fi.pa165_pneuservis.dao.ServiceDaoImplTest">
    <skipped/>
  </testcase> <!-- @BeforeMethod springTestContextBeforeTestMethod -->
  <testcase name="@BeforeClass springTestContextBeforeTestClass" time="0.0" classname="cz.muni.fi.pa165_pneuservis.dao.TireDaoImplTest">
    <skipped/>
  </testcase> <!-- @BeforeClass springTestContextBeforeTestClass -->
  <testcase name="@BeforeClass springTestContextPrepareTestInstance" time="0.0" classname="cz.muni.fi.pa165_pneuservis.dao.TireDaoImplTest">
    <skipped/>
  </testcase> <!-- @BeforeClass springTestContextPrepareTestInstance -->
  <testcase name="@BeforeMethod springTestContextBeforeTestMethod" time="0.0" classname="cz.muni.fi.pa165_pneuservis.dao.TireDaoImplTest">
    <skipped/>
  </testcase> <!-- @BeforeMethod springTestContextBeforeTestMethod -->
  <testcase name="@BeforeMethod springTestContextBeforeTestMethod" time="0.0" classname="cz.muni.fi.pa165_pneuservis.dao.TireDaoImplTest">
    <skipped/>
  </testcase> <!-- @BeforeMethod springTestContextBeforeTestMethod -->
  <testcase name="@BeforeMethod springTestContextBeforeTestMethod" time="0.0" classname="cz.muni.fi.pa165_pneuservis.dao.TireDaoImplTest">
    <skipped/>
  </testcase> <!-- @BeforeMethod springTestContextBeforeTestMethod -->
  <testcase name="@BeforeMethod springTestContextBeforeTestMethod" time="0.0" classname="cz.muni.fi.pa165_pneuservis.dao.TireDaoImplTest">
    <skipped/>
  </testcase> <!-- @BeforeMethod springTestContextBeforeTestMethod -->
  <testcase name="@BeforeMethod springTestContextBeforeTestMethod" time="0.0" classname="cz.muni.fi.pa165_pneuservis.dao.TireDaoImplTest">
    <skipped/>
  </testcase> <!-- @BeforeMethod springTestContextBeforeTestMethod -->
  <testcase name="@BeforeMethod springTestContextBeforeTestMethod" time="0.0" classname="cz.muni.fi.pa165_pneuservis.dao.TireDaoImplTest">
    <skipped/>
  </testcase> <!-- @BeforeMethod springTestContextBeforeTestMethod -->
  <testcase name="testCreateEmCustomer" time="0.001" classname="cz.muni.fi.pa165_pneuservis.dao.CustomerDaoImplTest">
    <skipped/>
  </testcase> <!-- testCreateEmCustomer -->
  <testcase name="testCustomerRemove" time="0.0" classname="cz.muni.fi.pa165_pneuservis.dao.CustomerDaoImplTest">
    <skipped/>
  </testcase> <!-- testCustomerRemove -->
  <testcase name="testCustomersCreation" time="0.0" classname="cz.muni.fi.pa165_pneuservis.dao.CustomerDaoImplTest">
    <skipped/>
  </testcase> <!-- testCustomersCreation -->
  <testcase name="testFindAll" time="0.0" classname="cz.muni.fi.pa165_pneuservis.dao.CustomerDaoImplTest">
    <skipped/>
  </testcase> <!-- testFindAll -->
  <testcase name="testRemoveEmCustomer" time="0.0" classname="cz.muni.fi.pa165_pneuservis.dao.CustomerDaoImplTest">
    <skipped/>
  </testcase> <!-- testRemoveEmCustomer -->
  <testcase name="testCreation" time="0.001" classname="cz.muni.fi.pa165_pneuservis.dao.OrderDaoImplTest">
    <skipped/>
  </testcase> <!-- testCreation -->
  <testcase name="testFindAll" time="0.001" classname="cz.muni.fi.pa165_pneuservis.dao.OrderDaoImplTest">
    <skipped/>
  </testcase> <!-- testFindAll -->
  <testcase name="testFindByCustomer" time="0.0" classname="cz.muni.fi.pa165_pneuservis.dao.OrderDaoImplTest">
    <skipped/>
  </testcase> <!-- testFindByCustomer -->
  <testcase name="testRemove" time="0.0" classname="cz.muni.fi.pa165_pneuservis.dao.OrderDaoImplTest">
    <skipped/>
  </testcase> <!-- testRemove -->
  <testcase name="testFindAll" time="0.001" classname="cz.muni.fi.pa165_pneuservis.dao.OrderItemDaoImplTest">
    <skipped/>
  </testcase> <!-- testFindAll -->
  <testcase name="testFindById" time="0.0" classname="cz.muni.fi.pa165_pneuservis.dao.OrderItemDaoImplTest">
    <skipped/>
  </testcase> <!-- testFindById -->
  <testcase name="testRemove" time="0.001" classname="cz.muni.fi.pa165_pneuservis.dao.OrderItemDaoImplTest">
    <skipped/>
  </testcase> <!-- testRemove -->
  <testcase name="testUpdate" time="0.001" classname="cz.muni.fi.pa165_pneuservis.dao.OrderItemDaoImplTest">
    <skipped/>
  </testcase> <!-- testUpdate -->
  <testcase name="testCreateService" time="0.001" classname="cz.muni.fi.pa165_pneuservis.dao.ServiceDaoImplTest">
    <skipped/>
  </testcase> <!-- testCreateService -->
  <testcase name="testCreateTire" time="0.001" classname="cz.muni.fi.pa165_pneuservis.dao.TireDaoImplTest">
    <skipped/>
  </testcase> <!-- testCreateTire -->
  <testcase name="testFindAllTires" time="0.0" classname="cz.muni.fi.pa165_pneuservis.dao.TireDaoImplTest">
    <skipped/>
  </testcase> <!-- testFindAllTires -->
  <testcase name="testGetTireById" time="0.0" classname="cz.muni.fi.pa165_pneuservis.dao.TireDaoImplTest">
    <skipped/>
  </testcase> <!-- testGetTireById -->
  <testcase name="testGetTireIdInvalid" time="0.0" classname="cz.muni.fi.pa165_pneuservis.dao.TireDaoImplTest">
    <skipped/>
  </testcase> <!-- testGetTireIdInvalid -->
  <testcase name="testRemoveTire" time="0.0" classname="cz.muni.fi.pa165_pneuservis.dao.TireDaoImplTest">
    <skipped/>
  </testcase> <!-- testRemoveTire -->
  <testcase name="testUpdateTire" time="0.0" classname="cz.muni.fi.pa165_pneuservis.dao.TireDaoImplTest">
    <skipped/>
  </testcase> <!-- testUpdateTire -->
</testsuite> <!-- Command line test -->
